<?xml version="1.0" encoding="UTF-8"?>
<testng-results skipped="0" failed="0" ignored="0" total="1" passed="1">
  <reporter-output>
  </reporter-output>
  <suite name="Default suite" duration-ms="4177" started-at="2023-02-17T20:22:43 IST" finished-at="2023-02-17T20:22:47 IST">
    <groups>
      <group name="cucumber">
        <method signature="AbstractTestNGCucumberTests.runScenario(io.cucumber.testng.PickleWrapper,io.cucumber.testng.FeatureWrapper)[pri:0, instance:runner.RunCuke@4148db48]" name="runScenario" class="io.cucumber.testng.AbstractTestNGCucumberTests"/>
      </group> <!-- cucumber -->
    </groups>
    <test name="Default test" duration-ms="4177" started-at="2023-02-17T20:22:43 IST" finished-at="2023-02-17T20:22:47 IST">
      <class name="runner.RunCuke">
        <test-method status="PASS" signature="setUpClass(org.testng.ITestContext)[pri:0, instance:runner.RunCuke@4148db48]" name="setUpClass" is-config="true" duration-ms="774" started-at="2023-02-17T20:22:43 IST" finished-at="2023-02-17T20:22:44 IST">
          <params>
            <param index="0">
              <value>
                <![CDATA[org.testng.TestRunner@3ddeaa5f]]>
              </value>
            </param>
          </params>
          <reporter-output>
          </reporter-output>
        </test-method> <!-- setUpClass -->
        <test-method status="PASS" signature="runScenario(io.cucumber.testng.PickleWrapper,io.cucumber.testng.FeatureWrapper)[pri:0, instance:runner.RunCuke@4148db48]" name="runScenario" duration-ms="3071" started-at="2023-02-17T20:22:44 IST" description="Runs Cucumber Scenarios" data-provider="scenarios" finished-at="2023-02-17T20:22:47 IST">
          <params>
            <param index="0">
              <value>
                <![CDATA["Get api call"]]>
              </value>
            </param>
            <param index="1">
              <value>
                <![CDATA["To test a get api"]]>
              </value>
            </param>
          </params>
          <reporter-output>
          </reporter-output>
        </test-method> <!-- runScenario -->
        <test-method status="PASS" signature="tearDownClass()[pri:0, instance:runner.RunCuke@4148db48]" name="tearDownClass" is-config="true" duration-ms="304" started-at="2023-02-17T20:22:47 IST" finished-at="2023-02-17T20:22:47 IST">
          <reporter-output>
          </reporter-output>
        </test-method> <!-- tearDownClass -->
      </class> <!-- runner.RunCuke -->
    </test> <!-- Default test -->
  </suite> <!-- Default suite -->
</testng-results>
