<?xml version="1.0" encoding="UTF-8"?>
<testng-results ignored="0" total="3" passed="3" failed="0" skipped="0">
  <reporter-output>
  </reporter-output>
  <suite started-at="2023-04-21T10:36:16 IST" name="Default suite" finished-at="2023-04-21T10:36:17 IST" duration-ms="224">
    <groups>
    </groups>
    <test started-at="2023-04-21T10:36:16 IST" name="Default test" finished-at="2023-04-21T10:36:17 IST" duration-ms="224">
      <class name="TestCases.TestCase3">
        <test-method is-config="true" signature="beforeClass()[pri:0, instance:TestCases.TestCase3@1e04fa0a]" started-at="2023-04-21T10:36:16 IST" name="beforeClass" finished-at="2023-04-21T10:36:16 IST" duration-ms="17" status="PASS">
          <reporter-output>
          </reporter-output>
        </test-method> <!-- beforeClass -->
        <test-method signature="testing1()[pri:0, instance:TestCases.TestCase3@1e04fa0a]" started-at="2023-04-21T10:36:16 IST" name="testing1" finished-at="2023-04-21T10:36:16 IST" duration-ms="8" status="PASS">
          <reporter-output>
          </reporter-output>
        </test-method> <!-- testing1 -->
        <test-method signature="testing2()[pri:0, instance:TestCases.TestCase3@1e04fa0a]" started-at="2023-04-21T10:36:16 IST" name="testing2" finished-at="2023-04-21T10:36:16 IST" duration-ms="40" status="PASS">
          <reporter-output>
          </reporter-output>
        </test-method> <!-- testing2 -->
        <test-method signature="testing3()[pri:0, instance:TestCases.TestCase3@1e04fa0a]" started-at="2023-04-21T10:36:17 IST" name="testing3" finished-at="2023-04-21T10:36:17 IST" duration-ms="23" status="PASS">
          <reporter-output>
          </reporter-output>
        </test-method> <!-- testing3 -->
      </class> <!-- TestCases.TestCase3 -->
    </test> <!-- Default test -->
  </suite> <!-- Default suite -->
</testng-results>
