<?xml version="1.0" encoding="UTF-8"?>
<!-- Generated by org.testng.reporters.JUnitXMLReporter -->
<testsuite ignored="0" hostname="LAPTOP-G1RVVOU2" failures="0" tests="3" name="Default test" time="0.224" errors="0" timestamp="2023-04-21T10:36:17 IST">
  <testcase classname="TestCases.TestCase3" name="testing1" time="0.008"/>
  <testcase classname="TestCases.TestCase3" name="testing2" time="0.04"/>
  <testcase classname="TestCases.TestCase3" name="testing3" time="0.023"/>
</testsuite> <!-- Default test -->
