<?xml version="1.0" encoding="UTF-8"?>
<!-- Generated by org.testng.reporters.JUnitXMLReporter -->
<testsuite ignored="2" hostname="LAPTOP-G1RVVOU2" failures="0" tests="1" name="Default test" time="0.05" errors="0" timestamp="2023-04-03T01:03:06 IST">
  <testcase classname="TestCases.TestCase1" name="doUserRegistration" time="0.006"/>
  <testcase classname="TestCases.TestCase1" name="doBasicTest" time="0.0">
    <ignored/>
  </testcase> <!-- doBasicTest -->
  <testcase classname="TestCases.TestCase1" name="doLogin" time="0.0">
    <ignored/>
  </testcase> <!-- doLogin -->
</testsuite> <!-- Default test -->
