<?xml version="1.0" encoding="UTF-8"?>
<testng-results skipped="0" failed="0" ignored="0" total="2" passed="2">
  <reporter-output>
  </reporter-output>
  <suite name="Default suite" duration-ms="2432" started-at="2023-02-11T20:29:50 IST" finished-at="2023-02-11T20:29:52 IST">
    <groups>
    </groups>
    <test name="Default test" duration-ms="2432" started-at="2023-02-11T20:29:50 IST" finished-at="2023-02-11T20:29:52 IST">
      <class name="apitesting.GetApiAutomation">
        <test-method status="PASS" signature="testResp1()[pri:0, instance:apitesting.GetApiAutomation@4e718207]" name="testResp1" duration-ms="2059" started-at="2023-02-11T20:29:50 IST" finished-at="2023-02-11T20:29:52 IST">
          <reporter-output>
          </reporter-output>
        </test-method> <!-- testResp1 -->
        <test-method status="PASS" signature="testResponseCode()[pri:0, instance:apitesting.GetApiAutomation@4e718207]" name="testResponseCode" duration-ms="337" started-at="2023-02-11T20:29:52 IST" finished-at="2023-02-11T20:29:52 IST">
          <reporter-output>
          </reporter-output>
        </test-method> <!-- testResponseCode -->
      </class> <!-- apitesting.GetApiAutomation -->
    </test> <!-- Default test -->
  </suite> <!-- Default suite -->
</testng-results>
