<?xml version="1.0" encoding="UTF-8"?>
<!-- Generated by org.testng.reporters.JUnitXMLReporter -->
<testsuite ignored="0" hostname="LAPTOP-G1RVVOU2" failures="0" tests="4" name="Add Customer Test" time="13.157" errors="0" timestamp="04 Apr 2023 19:08:56 GMT">
  <testcase classname="com.w2a.testcases.AddCustomerTest" name="addCustomerTest" time="4.522"/>
  <testcase classname="com.w2a.testcases.AddCustomerTest" name="addCustomerTest" time="0.004">
    <skipped/>
  </testcase> <!-- addCustomerTest -->
  <testcase classname="com.w2a.testcases.AddCustomerTest" name="addCustomerTest" time="4.302"/>
  <testcase classname="com.w2a.testcases.AddCustomerTest" name="addCustomerTest" time="4.302"/>
</testsuite> <!-- Add Customer Test -->
