<?xml version="1.0" encoding="UTF-8"?>
<!-- Generated by org.testng.reporters.JUnitXMLReporter -->
<testsuite hostname="WL2781-0044143" ignored="0" name="Default test" tests="1" failures="1" timestamp="2023-02-03T19:06:08 IST" time="5.071" errors="0">
  <testcase name="runScenario" time="4.003" classname="io.cucumber.testng.AbstractTestNGCucumberTests">
    <failure type="java.lang.NullPointerException">
      <![CDATA[java.lang.NullPointerException
at stepdefination.Hooks.setUp(Hooks.java:89)
]]>
    </failure>
  </testcase> <!-- runScenario -->
</testsuite> <!-- Default test -->
