<?xml version="1.0" encoding="UTF-8"?>
<!-- Generated by org.testng.reporters.JUnitXMLReporter -->
<testsuite ignored="4" hostname="LAPTOP-G1RVVOU2" failures="0" tests="6" name="Test1" time="0.18" errors="0" timestamp="2023-04-19T11:53:45 IST">
  <testcase classname="TestCases.TestCase1" name="doUserRegistration" time="0.01"/>
  <testcase classname="TestCases.TestCase1" name="doLogin" time="0.003"/>
  <testcase classname="TestCases.TestCase1" name="doBasicTest" time="0.002"/>
  <testcase classname="TestCases.TestCase2" name="validateTitle" time="0.006"/>
  <testcase classname="TestCases.TestCase2" name="validateHeading" time="0.006"/>
  <testcase classname="TestCases.TestCase2" name="testLogin" time="0.004"/>
  <testcase classname="TestCases.BaseClass" name="@AfterTest closeConnection" time="0.0">
    <ignored/>
  </testcase> <!-- @AfterTest closeConnection -->
  <testcase classname="TestCases.BaseClass" name="@BeforeTest dbConnection" time="0.0">
    <ignored/>
  </testcase> <!-- @BeforeTest dbConnection -->
  <testcase classname="TestCases.BaseClass" name="@BeforeSuite setUp" time="0.0">
    <ignored/>
  </testcase> <!-- @BeforeSuite setUp -->
  <testcase classname="TestCases.BaseClass" name="@AfterSuite tearDown" time="0.0">
    <ignored/>
  </testcase> <!-- @AfterSuite tearDown -->
</testsuite> <!-- Test1 -->
