<?xml version="1.0" encoding="UTF-8"?>
<!-- Generated by org.testng.reporters.JUnitXMLReporter -->
<testsuite ignored="0" hostname="LAPTOP-G1RVVOU2" failures="0" tests="3" name="Test2" time="0.053" errors="0" timestamp="2023-04-19T11:53:45 IST">
  <testcase classname="TestCases.TestCase2" name="validateTitle" time="0.006"/>
  <testcase classname="TestCases.TestCase2" name="validateHeading" time="0.004"/>
  <testcase classname="TestCases.TestCase2" name="testLogin" time="0.001"/>
</testsuite> <!-- Test2 -->
