<?xml version="1.0" encoding="UTF-8"?>
<!-- Generated by org.testng.reporters.JUnitXMLReporter -->
<testsuite ignored="1" hostname="LAPTOP-G1RVVOU2" failures="0" tests="1" name="Test1" time="0.117" errors="0" timestamp="2023-04-02T23:11:59 IST">
  <testcase classname="Regression.TestRegression1" name="doregression1test2" time="0.022"/>
  <testcase classname="Regression.TestRegression1" name="doregression1test1" time="0.0">
    <ignored/>
  </testcase> <!-- doregression1test1 -->
</testsuite> <!-- Test1 -->
