<?xml version="1.0" encoding="UTF-8"?>
<!-- Generated by org.testng.reporters.JUnitXMLReporter -->
<testsuite ignored="0" hostname="LAPTOP-G1RVVOU2" failures="0" tests="4" name="Test" time="0.098" errors="0" timestamp="2023-04-02T22:52:27 IST">
  <testcase classname="Regression.TestRegression2" name="doregression2test2" time="0.016"/>
  <testcase classname="Regression.TestRegression2" name="doregression2test1" time="0.002"/>
  <testcase classname="Regression.TestRegression1" name="doregression1test2" time="0.006"/>
  <testcase classname="Regression.TestRegression1" name="doregression1test1" time="0.005"/>
</testsuite> <!-- Test -->
