<?xml version="1.0" encoding="UTF-8"?>
<testng-results skipped="0" failed="1" ignored="0" total="1" passed="0">
  <reporter-output>
  </reporter-output>
  <suite name="Default suite" duration-ms="5071" started-at="2023-02-03T19:06:03 IST" finished-at="2023-02-03T19:06:08 IST">
    <groups>
      <group name="cucumber">
        <method signature="AbstractTestNGCucumberTests.runScenario(io.cucumber.testng.PickleWrapper,io.cucumber.testng.FeatureWrapper)[pri:0, instance:runner.RunCuke@6366ebe0]" name="runScenario" class="io.cucumber.testng.AbstractTestNGCucumberTests"/>
      </group> <!-- cucumber -->
    </groups>
    <test name="Default test" duration-ms="5071" started-at="2023-02-03T19:06:03 IST" finished-at="2023-02-03T19:06:08 IST">
      <class name="runner.RunCuke">
        <test-method status="PASS" signature="setUpClass(org.testng.ITestContext)[pri:0, instance:runner.RunCuke@6366ebe0]" name="setUpClass" is-config="true" duration-ms="708" started-at="2023-02-03T19:06:03 IST" finished-at="2023-02-03T19:06:04 IST">
          <params>
            <param index="0">
              <value>
                <![CDATA[org.testng.TestRunner@4d18b73a]]>
              </value>
            </param>
          </params>
          <reporter-output>
          </reporter-output>
        </test-method> <!-- setUpClass -->
        <test-method status="FAIL" signature="runScenario(io.cucumber.testng.PickleWrapper,io.cucumber.testng.FeatureWrapper)[pri:0, instance:runner.RunCuke@6366ebe0]" name="runScenario" duration-ms="4003" started-at="2023-02-03T19:06:04 IST" description="Runs Cucumber Scenarios" data-provider="scenarios" finished-at="2023-02-03T19:06:08 IST">
          <params>
            <param index="0">
              <value>
                <![CDATA["Checkout with Credit Card"]]>
              </value>
            </param>
            <param index="1">
              <value>
                <![CDATA["Single Item checkout at BBBwebsite"]]>
              </value>
            </param>
          </params>
          <exception class="java.lang.NullPointerException">
            <full-stacktrace>
              <![CDATA[java.lang.NullPointerException
at stepdefination.Hooks.setUp(Hooks.java:89)
]]>
            </full-stacktrace>
          </exception> <!-- java.lang.NullPointerException -->
          <reporter-output>
          </reporter-output>
        </test-method> <!-- runScenario -->
        <test-method status="PASS" signature="tearDownClass()[pri:0, instance:runner.RunCuke@6366ebe0]" name="tearDownClass" is-config="true" duration-ms="328" started-at="2023-02-03T19:06:08 IST" finished-at="2023-02-03T19:06:08 IST">
          <reporter-output>
          </reporter-output>
        </test-method> <!-- tearDownClass -->
      </class> <!-- runner.RunCuke -->
    </test> <!-- Default test -->
  </suite> <!-- Default suite -->
</testng-results>
